Using pre-set license
Built from '2020.3/release' branch; Version is '2020.3.1f1 (77a89f25062f) revision 7841951'; Using compiler version '192528614'; Build Type 'Release'
OS: 'Windows 10 Home; OS build 19041.1415; Version 2004; 64bit' Language: 'en' Physical Memory: 8037 MB
BatchMode: 1, IsHumanControllingUs: 0, StartBugReporterOnCrash: 0, Is64bit: 1, IsPro: 0

 COMMAND LINE ARGUMENTS:
C:\Program Files\Unity\Hub\Editor\2020.3.1f1\Editor\Unity.exe
-adb2
-batchMode
-noUpm
-name
AssetImportWorker0
-projectPath
C:/Users/admin/Documents/Unity Projects/AGA312
-logFile
Logs/AssetImportWorker0.log
-srvPort
58029
Successfully changed project path to: C:/Users/admin/Documents/Unity Projects/AGA312
C:/Users/admin/Documents/Unity Projects/AGA312
Using Asset Import Pipeline V2.
Refreshing native plugins compatible for Editor in 64.00 ms, found 0 plugins.
Preloading 0 native plugins for Editor in 0.00 ms.
Initialize engine version: 2020.3.1f1 (77a89f25062f)
[Subsystems] Discovering subsystems at path C:/Program Files/Unity/Hub/Editor/2020.3.1f1/Editor/Data/Resources/UnitySubsystems
[Subsystems] Discovering subsystems at path C:/Users/admin/Documents/Unity Projects/AGA312/Assets
GfxDevice: creating device client; threaded=0
Direct3D:
    Version:  Direct3D 11.0 [level 11.1]
    Renderer: NVIDIA GeForce GTX 1050 Ti (ID=0x1c8f)
    Vendor:   
    VRAM:     4021 MB
    Driver:   27.21.14.5206
Shader 'Universal Render Pipeline/Particles/Lit': fallback shader 'Universal Render Pipeline/Particles/SimpleLit' not found
Initialize mono
Mono path[0] = 'C:/Program Files/Unity/Hub/Editor/2020.3.1f1/Editor/Data/Managed'
Mono path[1] = 'C:/Program Files/Unity/Hub/Editor/2020.3.1f1/Editor/Data/MonoBleedingEdge/lib/mono/unityjit'
Mono config path = 'C:/Program Files/Unity/Hub/Editor/2020.3.1f1/Editor/Data/MonoBleedingEdge/etc'
Using monoOptions --debugger-agent=transport=dt_socket,embedding=1,server=y,suspend=n,address=127.0.0.1:56516
Begin MonoManager ReloadAssembly
Registering precompiled unity dll's ...
Register platform support module: C:/Program Files/Unity/Hub/Editor/2020.3.1f1/Editor/Data/PlaybackEngines/WindowsStandaloneSupport/UnityEditor.WindowsStandalone.Extensions.dll
Registered in 0.001751 seconds.
Native extension for WindowsStandalone target not found
Refreshing native plugins compatible for Editor in 66.93 ms, found 0 plugins.
Preloading 0 native plugins for Editor in 0.00 ms.
Invoked RoslynAnalysisRunner static constructor.
RoslynAnalysisRunner will not be running.
RoslynAnalysisRunner has terminated.
Mono: successfully reloaded assembly
- Completed reload, in  0.999 seconds
Platform modules already initialized, skipping
Registering precompiled user dll's ...
Registered in 0.002860 seconds.
Begin MonoManager ReloadAssembly
Native extension for WindowsStandalone target not found
Refreshing native plugins compatible for Editor in 68.21 ms, found 0 plugins.
Preloading 0 native plugins for Editor in 0.00 ms.
Invoked RoslynAnalysisRunner static constructor.
RoslynAnalysisRunner will not be running.
RoslynAnalysisRunner has terminated.
Mono: successfully reloaded assembly
- Completed reload, in  0.911 seconds
Platform modules already initialized, skipping
========================================================================
Worker process is ready to serve import requests
Shader 'Universal Render Pipeline/Particles/Lit': fallback shader 'Universal Render Pipeline/Particles/SimpleLit' not found
Launched and connected shader compiler UnityShaderCompiler.exe after 0.04 seconds
Refreshing native plugins compatible for Editor in 0.69 ms, found 0 plugins.
Preloading 0 native plugins for Editor in 0.00 ms.
Unloading 2405 Unused Serialized files (Serialized files now loaded: 0)
System memory in use before: 211.4 MB.
System memory in use after: 209.9 MB.

Unloading 41 unused Assets to reduce memory usage. Loaded Objects now: 2859.
Total: 3.988700 ms (FindLiveObjects: 0.275300 ms CreateObjectMapping: 0.130500 ms MarkObjects: 2.374800 ms  DeleteObjects: 1.207200 ms)

========================================================================
Received Import Request.
  path: Assets/Prototype5/Audio
  artifactKey: Guid(b343442d2f5aeab439e2c98b0041f734) Importer(815301076,1909f56bfc062723c751e8b465ee728b)
Start importing Assets/Prototype5/Audio using Guid(b343442d2f5aeab439e2c98b0041f734) Importer(815301076,1909f56bfc062723c751e8b465ee728b)  -> (artifact id: '385d0344e3ab93de3991f9fdbd7b1743') in 0.009818 seconds
  Import took 0.014834 seconds .

========================================================================
Received Import Request.
  Time since last request: 9.332344 seconds.
  path: Assets/Prototype5/Audio/Bird King.wav
  artifactKey: Guid(9aa3f4ca84aeabb44b9e0012ddd769f0) Importer(815301076,1909f56bfc062723c751e8b465ee728b)
Start importing Assets/Prototype5/Audio/Bird King.wav using Guid(9aa3f4ca84aeabb44b9e0012ddd769f0) Importer(815301076,1909f56bfc062723c751e8b465ee728b)  -> (artifact id: '437850cc190250f4a58678a549e31ae5') in 0.100300 seconds
  Import took 0.106009 seconds .

========================================================================
Received Prepare
Registering precompiled user dll's ...
Registered in 0.002831 seconds.
Begin MonoManager ReloadAssembly
Native extension for WindowsStandalone target not found
Refreshing native plugins compatible for Editor in 0.64 ms, found 0 plugins.
Preloading 0 native plugins for Editor in 0.00 ms.
Invoked RoslynAnalysisRunner static constructor.
RoslynAnalysisRunner will not be running.
RoslynAnalysisRunner has terminated.
Mono: successfully reloaded assembly
- Completed reload, in  0.807 seconds
Platform modules already initialized, skipping
Shader 'Universal Render Pipeline/Particles/Lit': fallback shader 'Universal Render Pipeline/Particles/SimpleLit' not found
Refreshing native plugins compatible for Editor in 0.68 ms, found 0 plugins.
Preloading 0 native plugins for Editor in 0.00 ms.
Unloading 2231 Unused Serialized files (Serialized files now loaded: 0)
System memory in use before: 203.6 MB.
System memory in use after: 202.1 MB.

Unloading 37 unused Assets to reduce memory usage. Loaded Objects now: 2870.
Total: 4.992800 ms (FindLiveObjects: 0.654400 ms CreateObjectMapping: 0.352700 ms MarkObjects: 2.626500 ms  DeleteObjects: 1.357800 ms)

========================================================================
Received Prepare
Registering precompiled user dll's ...
Registered in 0.002814 seconds.
Begin MonoManager ReloadAssembly
Native extension for WindowsStandalone target not found
Refreshing native plugins compatible for Editor in 0.71 ms, found 0 plugins.
Preloading 0 native plugins for Editor in 0.00 ms.
Invoked RoslynAnalysisRunner static constructor.
RoslynAnalysisRunner will not be running.
RoslynAnalysisRunner has terminated.
Mono: successfully reloaded assembly
- Completed reload, in  0.791 seconds
Platform modules already initialized, skipping
Shader 'Universal Render Pipeline/Particles/Lit': fallback shader 'Universal Render Pipeline/Particles/SimpleLit' not found
Refreshing native plugins compatible for Editor in 0.67 ms, found 0 plugins.
Preloading 0 native plugins for Editor in 0.00 ms.
Unloading 2231 Unused Serialized files (Serialized files now loaded: 0)
System memory in use before: 203.6 MB.
System memory in use after: 202.1 MB.

Unloading 37 unused Assets to reduce memory usage. Loaded Objects now: 2872.
Total: 3.012000 ms (FindLiveObjects: 0.273900 ms CreateObjectMapping: 0.165000 ms MarkObjects: 1.660100 ms  DeleteObjects: 0.911700 ms)

========================================================================
Received Import Request.
  Time since last request: 524.797903 seconds.
  path: Assets/Prototype5/Scripts/TimerGameOverLogic.cs
  artifactKey: Guid(876909da2aca4ac439ef68a9c4cf872c) Importer(815301076,1909f56bfc062723c751e8b465ee728b)
Start importing Assets/Prototype5/Scripts/TimerGameOverLogic.cs using Guid(876909da2aca4ac439ef68a9c4cf872c) Importer(815301076,1909f56bfc062723c751e8b465ee728b)  -> (artifact id: '5f7a714887f7f6c9c1b3b82fff02a979') in 0.026834 seconds
  Import took 0.033305 seconds .

========================================================================
Received Prepare
Registering precompiled user dll's ...
Registered in 0.003062 seconds.
Begin MonoManager ReloadAssembly
Native extension for WindowsStandalone target not found
Refreshing native plugins compatible for Editor in 1.20 ms, found 0 plugins.
Preloading 0 native plugins for Editor in 0.00 ms.
Invoked RoslynAnalysisRunner static constructor.
RoslynAnalysisRunner will not be running.
RoslynAnalysisRunner has terminated.
Mono: successfully reloaded assembly
- Completed reload, in  0.795 seconds
Platform modules already initialized, skipping
Shader 'Universal Render Pipeline/Particles/Lit': fallback shader 'Universal Render Pipeline/Particles/SimpleLit' not found
Refreshing native plugins compatible for Editor in 0.72 ms, found 0 plugins.
Preloading 0 native plugins for Editor in 0.00 ms.
Unloading 2232 Unused Serialized files (Serialized files now loaded: 0)
System memory in use before: 203.7 MB.
System memory in use after: 202.1 MB.

Unloading 37 unused Assets to reduce memory usage. Loaded Objects now: 2875.
Total: 3.840300 ms (FindLiveObjects: 0.337300 ms CreateObjectMapping: 0.136000 ms MarkObjects: 2.185000 ms  DeleteObjects: 1.180600 ms)

========================================================================
Received Prepare
Registering precompiled user dll's ...
Registered in 0.002622 seconds.
Begin MonoManager ReloadAssembly
Native extension for WindowsStandalone target not found
Refreshing native plugins compatible for Editor in 0.70 ms, found 0 plugins.
Preloading 0 native plugins for Editor in 0.00 ms.
Invoked RoslynAnalysisRunner static constructor.
RoslynAnalysisRunner will not be running.
RoslynAnalysisRunner has terminated.
Mono: successfully reloaded assembly
- Completed reload, in  0.907 seconds
Platform modules already initialized, skipping
Shader 'Universal Render Pipeline/Particles/Lit': fallback shader 'Universal Render Pipeline/Particles/SimpleLit' not found
Refreshing native plugins compatible for Editor in 0.73 ms, found 0 plugins.
Preloading 0 native plugins for Editor in 0.00 ms.
Unloading 2232 Unused Serialized files (Serialized files now loaded: 0)
System memory in use before: 203.6 MB.
System memory in use after: 202.2 MB.

Unloading 37 unused Assets to reduce memory usage. Loaded Objects now: 2877.
Total: 3.443800 ms (FindLiveObjects: 0.445100 ms CreateObjectMapping: 0.188300 ms MarkObjects: 1.781700 ms  DeleteObjects: 1.026600 ms)

========================================================================
Received Import Request.
  Time since last request: 682.349786 seconds.
  path: Assets/Prototype5/Scripts/TimerGameOverLogic.cs
  artifactKey: Guid(876909da2aca4ac439ef68a9c4cf872c) Importer(815301076,1909f56bfc062723c751e8b465ee728b)
Start importing Assets/Prototype5/Scripts/TimerGameOverLogic.cs using Guid(876909da2aca4ac439ef68a9c4cf872c) Importer(815301076,1909f56bfc062723c751e8b465ee728b)  -> (artifact id: '44d49b6c5e9294f23dd0f4b693a61b21') in 0.006170 seconds
  Import took 0.011560 seconds .

========================================================================
Received Prepare
Registering precompiled user dll's ...
Registered in 0.002546 seconds.
Begin MonoManager ReloadAssembly
Native extension for WindowsStandalone target not found
Refreshing native plugins compatible for Editor in 0.66 ms, found 0 plugins.
Preloading 0 native plugins for Editor in 0.00 ms.
Invoked RoslynAnalysisRunner static constructor.
RoslynAnalysisRunner will not be running.
RoslynAnalysisRunner has terminated.
Mono: successfully reloaded assembly
- Completed reload, in  0.832 seconds
Platform modules already initialized, skipping
Shader 'Universal Render Pipeline/Particles/Lit': fallback shader 'Universal Render Pipeline/Particles/SimpleLit' not found
Refreshing native plugins compatible for Editor in 0.69 ms, found 0 plugins.
Preloading 0 native plugins for Editor in 0.00 ms.
Unloading 2232 Unused Serialized files (Serialized files now loaded: 0)
System memory in use before: 203.6 MB.
System memory in use after: 202.1 MB.

Unloading 37 unused Assets to reduce memory usage. Loaded Objects now: 2879.
Total: 3.404300 ms (FindLiveObjects: 0.342200 ms CreateObjectMapping: 0.196100 ms MarkObjects: 1.825800 ms  DeleteObjects: 1.038700 ms)

========================================================================
Received Import Request.
  Time since last request: 75.851076 seconds.
  path: Assets/Prototype5/Scripts/TimerGameOverLogic.cs
  artifactKey: Guid(876909da2aca4ac439ef68a9c4cf872c) Importer(815301076,1909f56bfc062723c751e8b465ee728b)
Start importing Assets/Prototype5/Scripts/TimerGameOverLogic.cs using Guid(876909da2aca4ac439ef68a9c4cf872c) Importer(815301076,1909f56bfc062723c751e8b465ee728b)  -> (artifact id: '3e1787de719568642a55eab963002d17') in 0.006210 seconds
  Import took 0.013944 seconds .

========================================================================
Received Prepare
Registering precompiled user dll's ...
Registered in 0.002966 seconds.
Begin MonoManager ReloadAssembly
Native extension for WindowsStandalone target not found
Refreshing native plugins compatible for Editor in 0.68 ms, found 0 plugins.
Preloading 0 native plugins for Editor in 0.00 ms.
Invoked RoslynAnalysisRunner static constructor.
RoslynAnalysisRunner will not be running.
RoslynAnalysisRunner has terminated.
Mono: successfully reloaded assembly
- Completed reload, in  0.794 seconds
Platform modules already initialized, skipping
Shader 'Universal Render Pipeline/Particles/Lit': fallback shader 'Universal Render Pipeline/Particles/SimpleLit' not found
Refreshing native plugins compatible for Editor in 0.67 ms, found 0 plugins.
Preloading 0 native plugins for Editor in 0.00 ms.
Unloading 2232 Unused Serialized files (Serialized files now loaded: 0)
System memory in use before: 203.7 MB.
System memory in use after: 202.2 MB.

Unloading 37 unused Assets to reduce memory usage. Loaded Objects now: 2881.
Total: 3.305700 ms (FindLiveObjects: 0.329900 ms CreateObjectMapping: 0.161200 ms MarkObjects: 1.835900 ms  DeleteObjects: 0.977100 ms)

========================================================================
Received Prepare
Registering precompiled user dll's ...
Registered in 0.002750 seconds.
Begin MonoManager ReloadAssembly
Native extension for WindowsStandalone target not found
Refreshing native plugins compatible for Editor in 3.06 ms, found 0 plugins.
Preloading 0 native plugins for Editor in 0.00 ms.
Invoked RoslynAnalysisRunner static constructor.
RoslynAnalysisRunner will not be running.
RoslynAnalysisRunner has terminated.
Mono: successfully reloaded assembly
- Completed reload, in  0.848 seconds
Platform modules already initialized, skipping
Shader 'Universal Render Pipeline/Particles/Lit': fallback shader 'Universal Render Pipeline/Particles/SimpleLit' not found
Refreshing native plugins compatible for Editor in 0.79 ms, found 0 plugins.
Preloading 0 native plugins for Editor in 0.00 ms.
Unloading 2232 Unused Serialized files (Serialized files now loaded: 0)
System memory in use before: 203.7 MB.
System memory in use after: 202.2 MB.

Unloading 37 unused Assets to reduce memory usage. Loaded Objects now: 2883.
Total: 4.312300 ms (FindLiveObjects: 0.342700 ms CreateObjectMapping: 0.200900 ms MarkObjects: 2.370300 ms  DeleteObjects: 1.396600 ms)

========================================================================
Received Prepare
Registering precompiled user dll's ...
Registered in 0.002624 seconds.
Begin MonoManager ReloadAssembly
Native extension for WindowsStandalone target not found
Refreshing native plugins compatible for Editor in 0.64 ms, found 0 plugins.
Preloading 0 native plugins for Editor in 0.00 ms.
Invoked RoslynAnalysisRunner static constructor.
RoslynAnalysisRunner will not be running.
RoslynAnalysisRunner has terminated.
Mono: successfully reloaded assembly
- Completed reload, in  0.807 seconds
Platform modules already initialized, skipping
Shader 'Universal Render Pipeline/Particles/Lit': fallback shader 'Universal Render Pipeline/Particles/SimpleLit' not found
Refreshing native plugins compatible for Editor in 0.74 ms, found 0 plugins.
Preloading 0 native plugins for Editor in 0.00 ms.
Unloading 2232 Unused Serialized files (Serialized files now loaded: 0)
System memory in use before: 203.7 MB.
System memory in use after: 202.2 MB.

Unloading 37 unused Assets to reduce memory usage. Loaded Objects now: 2885.
Total: 3.634700 ms (FindLiveObjects: 0.326800 ms CreateObjectMapping: 0.188000 ms MarkObjects: 1.988600 ms  DeleteObjects: 1.130600 ms)

========================================================================
Received Prepare
Registering precompiled user dll's ...
Registered in 0.002734 seconds.
Begin MonoManager ReloadAssembly
Native extension for WindowsStandalone target not found
Refreshing native plugins compatible for Editor in 0.65 ms, found 0 plugins.
Preloading 0 native plugins for Editor in 0.00 ms.
Invoked RoslynAnalysisRunner static constructor.
RoslynAnalysisRunner will not be running.
RoslynAnalysisRunner has terminated.
Mono: successfully reloaded assembly
- Completed reload, in  0.847 seconds
Platform modules already initialized, skipping
Shader 'Universal Render Pipeline/Particles/Lit': fallback shader 'Universal Render Pipeline/Particles/SimpleLit' not found
Refreshing native plugins compatible for Editor in 0.65 ms, found 0 plugins.
Preloading 0 native plugins for Editor in 0.00 ms.
Unloading 2232 Unused Serialized files (Serialized files now loaded: 0)
System memory in use before: 203.7 MB.
System memory in use after: 202.2 MB.

Unloading 37 unused Assets to reduce memory usage. Loaded Objects now: 2887.
Total: 3.253800 ms (FindLiveObjects: 0.360000 ms CreateObjectMapping: 0.186000 ms MarkObjects: 1.661000 ms  DeleteObjects: 1.045700 ms)

