Using pre-set license
Built from '2020.3/release' branch; Version is '2020.3.1f1 (77a89f25062f) revision 7841951'; Using compiler version '192528614'; Build Type 'Release'
OS: 'Windows 10 Home; OS build 19041.1348; Version 2004; 64bit' Language: 'en' Physical Memory: 8037 MB
BatchMode: 1, IsHumanControllingUs: 0, StartBugReporterOnCrash: 0, Is64bit: 1, IsPro: 0

 COMMAND LINE ARGUMENTS:
C:\Program Files\Unity\Hub\Editor\2020.3.1f1\Editor\Unity.exe
-adb2
-batchMode
-noUpm
-name
AssetImportWorker1
-projectPath
C:/Users/admin/Documents/Unity Projects/AGA312
-logFile
Logs/AssetImportWorker1.log
-srvPort
58703
Successfully changed project path to: C:/Users/admin/Documents/Unity Projects/AGA312
C:/Users/admin/Documents/Unity Projects/AGA312
Using Asset Import Pipeline V2.
Refreshing native plugins compatible for Editor in 166.76 ms, found 0 plugins.
Preloading 0 native plugins for Editor in 0.00 ms.
Initialize engine version: 2020.3.1f1 (77a89f25062f)
[Subsystems] Discovering subsystems at path C:/Program Files/Unity/Hub/Editor/2020.3.1f1/Editor/Data/Resources/UnitySubsystems
[Subsystems] Discovering subsystems at path C:/Users/admin/Documents/Unity Projects/AGA312/Assets
GfxDevice: creating device client; threaded=0
Direct3D:
    Version:  Direct3D 11.0 [level 11.1]
    Renderer: NVIDIA GeForce GTX 1050 Ti (ID=0x1c8f)
    Vendor:   
    VRAM:     4021 MB
    Driver:   27.21.14.5206
Invalid texture used for cursor - check importer settings or texture creation. Texture must be RGBA32, readable, have alphaIsTransparency enabled and have no mip chain.

Shader 'Universal Render Pipeline/Particles/Lit': fallback shader 'Universal Render Pipeline/Particles/SimpleLit' not found
Initialize mono
Mono path[0] = 'C:/Program Files/Unity/Hub/Editor/2020.3.1f1/Editor/Data/Managed'
Mono path[1] = 'C:/Program Files/Unity/Hub/Editor/2020.3.1f1/Editor/Data/MonoBleedingEdge/lib/mono/unityjit'
Mono config path = 'C:/Program Files/Unity/Hub/Editor/2020.3.1f1/Editor/Data/MonoBleedingEdge/etc'
Using monoOptions --debugger-agent=transport=dt_socket,embedding=1,server=y,suspend=n,address=127.0.0.1:56992
Begin MonoManager ReloadAssembly
Registering precompiled unity dll's ...
Register platform support module: C:/Program Files/Unity/Hub/Editor/2020.3.1f1/Editor/Data/PlaybackEngines/WindowsStandaloneSupport/UnityEditor.WindowsStandalone.Extensions.dll
Registered in 0.006257 seconds.
Native extension for WindowsStandalone target not found
Refreshing native plugins compatible for Editor in 175.53 ms, found 0 plugins.
Preloading 0 native plugins for Editor in 0.00 ms.
Invoked RoslynAnalysisRunner static constructor.
RoslynAnalysisRunner will not be running.
RoslynAnalysisRunner has terminated.
Mono: successfully reloaded assembly
- Completed reload, in  3.554 seconds
Platform modules already initialized, skipping
Registering precompiled user dll's ...
Registered in 0.008781 seconds.
Begin MonoManager ReloadAssembly
Native extension for WindowsStandalone target not found
Refreshing native plugins compatible for Editor in 186.07 ms, found 0 plugins.
Preloading 0 native plugins for Editor in 0.00 ms.
Invoked RoslynAnalysisRunner static constructor.
RoslynAnalysisRunner will not be running.
RoslynAnalysisRunner has terminated.
Mono: successfully reloaded assembly
- Completed reload, in  3.051 seconds
Platform modules already initialized, skipping
========================================================================
Worker process is ready to serve import requests
Shader 'Universal Render Pipeline/Particles/Lit': fallback shader 'Universal Render Pipeline/Particles/SimpleLit' not found
Launched and connected shader compiler UnityShaderCompiler.exe after 0.14 seconds
Refreshing native plugins compatible for Editor in 1.08 ms, found 0 plugins.
Preloading 0 native plugins for Editor in 0.00 ms.
Unloading 2165 Unused Serialized files (Serialized files now loaded: 0)
System memory in use before: 185.9 MB.
System memory in use after: 183.9 MB.

Unloading 46 unused Assets to reduce memory usage. Loaded Objects now: 2591.
Total: 7.301100 ms (FindLiveObjects: 0.535000 ms CreateObjectMapping: 0.234300 ms MarkObjects: 3.737800 ms  DeleteObjects: 2.791400 ms)

========================================================================
Received Import Request.
  path: Assets/EffectExamples/Profiles/EffectsProfile.asset
  artifactKey: Guid(fd12609cdb539f941a85cc98e826d1ed) Importer(815301076,1909f56bfc062723c751e8b465ee728b)
Start importing Assets/EffectExamples/Profiles/EffectsProfile.asset using Guid(fd12609cdb539f941a85cc98e826d1ed) Importer(815301076,1909f56bfc062723c751e8b465ee728b)  -> (artifact id: 'ab058ce1dccc3749b90c00e985acaf5d') in 0.102910 seconds
  Import took 0.114893 seconds .

========================================================================
Received Prepare
Registering precompiled user dll's ...
Registered in 0.015079 seconds.
Begin MonoManager ReloadAssembly
Native extension for WindowsStandalone target not found
Refreshing native plugins compatible for Editor in 1.22 ms, found 0 plugins.
Preloading 0 native plugins for Editor in 0.00 ms.
Invoked RoslynAnalysisRunner static constructor.
RoslynAnalysisRunner will not be running.
RoslynAnalysisRunner has terminated.
Mono: successfully reloaded assembly
- Completed reload, in  2.712 seconds
Platform modules already initialized, skipping
Shader 'Universal Render Pipeline/Particles/Lit': fallback shader 'Universal Render Pipeline/Particles/SimpleLit' not found
Refreshing native plugins compatible for Editor in 1.10 ms, found 0 plugins.
Preloading 0 native plugins for Editor in 0.00 ms.
Unloading 2071 Unused Serialized files (Serialized files now loaded: 0)
System memory in use before: 181.3 MB.
System memory in use after: 179.3 MB.

Unloading 42 unused Assets to reduce memory usage. Loaded Objects now: 2593.
Total: 9.702300 ms (FindLiveObjects: 0.670600 ms CreateObjectMapping: 0.334200 ms MarkObjects: 4.396600 ms  DeleteObjects: 4.298200 ms)

========================================================================
Received Prepare
Registering precompiled user dll's ...
Registered in 0.009227 seconds.
Begin MonoManager ReloadAssembly
Native extension for WindowsStandalone target not found
Refreshing native plugins compatible for Editor in 1.10 ms, found 0 plugins.
Preloading 0 native plugins for Editor in 0.00 ms.
Invoked RoslynAnalysisRunner static constructor.
RoslynAnalysisRunner will not be running.
RoslynAnalysisRunner has terminated.
Mono: successfully reloaded assembly
- Completed reload, in  2.707 seconds
Platform modules already initialized, skipping
Shader 'Universal Render Pipeline/Particles/Lit': fallback shader 'Universal Render Pipeline/Particles/SimpleLit' not found
Refreshing native plugins compatible for Editor in 1.17 ms, found 0 plugins.
Preloading 0 native plugins for Editor in 0.00 ms.
Unloading 2071 Unused Serialized files (Serialized files now loaded: 0)
System memory in use before: 181.3 MB.
System memory in use after: 179.3 MB.

Unloading 42 unused Assets to reduce memory usage. Loaded Objects now: 2595.
Total: 8.409900 ms (FindLiveObjects: 0.433600 ms CreateObjectMapping: 0.206500 ms MarkObjects: 3.883400 ms  DeleteObjects: 3.883600 ms)

========================================================================
Received Prepare
Registering precompiled user dll's ...
Registered in 0.008677 seconds.
Begin MonoManager ReloadAssembly
Native extension for WindowsStandalone target not found
Refreshing native plugins compatible for Editor in 1.14 ms, found 0 plugins.
Preloading 0 native plugins for Editor in 0.00 ms.
Invoked RoslynAnalysisRunner static constructor.
RoslynAnalysisRunner will not be running.
RoslynAnalysisRunner has terminated.
Mono: successfully reloaded assembly
- Completed reload, in  2.520 seconds
Platform modules already initialized, skipping
Shader 'Universal Render Pipeline/Particles/Lit': fallback shader 'Universal Render Pipeline/Particles/SimpleLit' not found
Refreshing native plugins compatible for Editor in 1.16 ms, found 0 plugins.
Preloading 0 native plugins for Editor in 0.00 ms.
Unloading 2071 Unused Serialized files (Serialized files now loaded: 0)
System memory in use before: 181.4 MB.
System memory in use after: 179.4 MB.

Unloading 42 unused Assets to reduce memory usage. Loaded Objects now: 2597.
Total: 7.808600 ms (FindLiveObjects: 0.430600 ms CreateObjectMapping: 0.189900 ms MarkObjects: 4.105900 ms  DeleteObjects: 3.079100 ms)

========================================================================
Received Prepare
Registering precompiled user dll's ...
Registered in 0.011108 seconds.
Begin MonoManager ReloadAssembly
Native extension for WindowsStandalone target not found
Refreshing native plugins compatible for Editor in 1.16 ms, found 0 plugins.
Preloading 0 native plugins for Editor in 0.00 ms.
Invoked RoslynAnalysisRunner static constructor.
RoslynAnalysisRunner will not be running.
RoslynAnalysisRunner has terminated.
Mono: successfully reloaded assembly
- Completed reload, in  2.630 seconds
Platform modules already initialized, skipping
Shader 'Universal Render Pipeline/Particles/Lit': fallback shader 'Universal Render Pipeline/Particles/SimpleLit' not found
Refreshing native plugins compatible for Editor in 1.12 ms, found 0 plugins.
Preloading 0 native plugins for Editor in 0.00 ms.
Unloading 2071 Unused Serialized files (Serialized files now loaded: 0)
System memory in use before: 181.4 MB.
System memory in use after: 179.4 MB.

Unloading 42 unused Assets to reduce memory usage. Loaded Objects now: 2599.
Total: 15.438100 ms (FindLiveObjects: 0.484300 ms CreateObjectMapping: 0.232500 ms MarkObjects: 7.967500 ms  DeleteObjects: 6.750000 ms)

========================================================================
Received Prepare
Registering precompiled user dll's ...
Registered in 0.003290 seconds.
Begin MonoManager ReloadAssembly
Native extension for WindowsStandalone target not found
Refreshing native plugins compatible for Editor in 0.51 ms, found 0 plugins.
Preloading 0 native plugins for Editor in 0.00 ms.
Invoked RoslynAnalysisRunner static constructor.
RoslynAnalysisRunner will not be running.
RoslynAnalysisRunner has terminated.
Mono: successfully reloaded assembly
- Completed reload, in  0.923 seconds
Platform modules already initialized, skipping
Shader 'Universal Render Pipeline/Particles/Lit': fallback shader 'Universal Render Pipeline/Particles/SimpleLit' not found
Refreshing native plugins compatible for Editor in 0.58 ms, found 0 plugins.
Preloading 0 native plugins for Editor in 0.00 ms.
Unloading 2071 Unused Serialized files (Serialized files now loaded: 0)
System memory in use before: 181.3 MB.
System memory in use after: 179.4 MB.

Unloading 42 unused Assets to reduce memory usage. Loaded Objects now: 2601.
Total: 3.371100 ms (FindLiveObjects: 0.315500 ms CreateObjectMapping: 0.104600 ms MarkObjects: 1.631400 ms  DeleteObjects: 1.318300 ms)

========================================================================
Received Prepare
Registering precompiled user dll's ...
Registered in 0.004043 seconds.
Begin MonoManager ReloadAssembly
Native extension for WindowsStandalone target not found
Refreshing native plugins compatible for Editor in 0.60 ms, found 0 plugins.
Preloading 0 native plugins for Editor in 0.00 ms.
Invoked RoslynAnalysisRunner static constructor.
RoslynAnalysisRunner will not be running.
RoslynAnalysisRunner has terminated.
Mono: successfully reloaded assembly
- Completed reload, in  0.948 seconds
Platform modules already initialized, skipping
Shader 'Universal Render Pipeline/Particles/Lit': fallback shader 'Universal Render Pipeline/Particles/SimpleLit' not found
Refreshing native plugins compatible for Editor in 0.72 ms, found 0 plugins.
Preloading 0 native plugins for Editor in 0.00 ms.
Unloading 2071 Unused Serialized files (Serialized files now loaded: 0)
System memory in use before: 181.3 MB.
System memory in use after: 179.4 MB.

Unloading 42 unused Assets to reduce memory usage. Loaded Objects now: 2603.
Total: 3.544300 ms (FindLiveObjects: 0.277900 ms CreateObjectMapping: 0.089600 ms MarkObjects: 1.888500 ms  DeleteObjects: 1.287200 ms)

========================================================================
Received Prepare
Registering precompiled user dll's ...
Registered in 0.002716 seconds.
Begin MonoManager ReloadAssembly
Native extension for WindowsStandalone target not found
Refreshing native plugins compatible for Editor in 0.56 ms, found 0 plugins.
Preloading 0 native plugins for Editor in 0.00 ms.
Invoked RoslynAnalysisRunner static constructor.
RoslynAnalysisRunner will not be running.
RoslynAnalysisRunner has terminated.
Mono: successfully reloaded assembly
- Completed reload, in  0.851 seconds
Platform modules already initialized, skipping
Shader 'Universal Render Pipeline/Particles/Lit': fallback shader 'Universal Render Pipeline/Particles/SimpleLit' not found
Refreshing native plugins compatible for Editor in 0.51 ms, found 0 plugins.
Preloading 0 native plugins for Editor in 0.00 ms.
Unloading 2071 Unused Serialized files (Serialized files now loaded: 0)
System memory in use before: 181.4 MB.
System memory in use after: 179.4 MB.

Unloading 42 unused Assets to reduce memory usage. Loaded Objects now: 2605.
Total: 3.470700 ms (FindLiveObjects: 0.302000 ms CreateObjectMapping: 0.106300 ms MarkObjects: 1.946200 ms  DeleteObjects: 1.114700 ms)

========================================================================
Received Prepare
Registering precompiled user dll's ...
Registered in 0.002668 seconds.
Begin MonoManager ReloadAssembly
Native extension for WindowsStandalone target not found
Refreshing native plugins compatible for Editor in 0.52 ms, found 0 plugins.
Preloading 0 native plugins for Editor in 0.00 ms.
Invoked RoslynAnalysisRunner static constructor.
RoslynAnalysisRunner will not be running.
RoslynAnalysisRunner has terminated.
Mono: successfully reloaded assembly
- Completed reload, in  0.898 seconds
Platform modules already initialized, skipping
Shader 'Universal Render Pipeline/Particles/Lit': fallback shader 'Universal Render Pipeline/Particles/SimpleLit' not found
Refreshing native plugins compatible for Editor in 0.57 ms, found 0 plugins.
Preloading 0 native plugins for Editor in 0.00 ms.
Unloading 2071 Unused Serialized files (Serialized files now loaded: 0)
System memory in use before: 181.4 MB.
System memory in use after: 179.4 MB.

Unloading 42 unused Assets to reduce memory usage. Loaded Objects now: 2607.
Total: 3.657300 ms (FindLiveObjects: 0.325400 ms CreateObjectMapping: 0.105400 ms MarkObjects: 1.874000 ms  DeleteObjects: 1.351400 ms)

========================================================================
Received Prepare
Registering precompiled user dll's ...
Registered in 0.003227 seconds.
Begin MonoManager ReloadAssembly
Native extension for WindowsStandalone target not found
Refreshing native plugins compatible for Editor in 0.48 ms, found 0 plugins.
Preloading 0 native plugins for Editor in 0.00 ms.
Invoked RoslynAnalysisRunner static constructor.
RoslynAnalysisRunner will not be running.
RoslynAnalysisRunner has terminated.
Mono: successfully reloaded assembly
- Completed reload, in  0.879 seconds
Platform modules already initialized, skipping
Shader 'Universal Render Pipeline/Particles/Lit': fallback shader 'Universal Render Pipeline/Particles/SimpleLit' not found
Refreshing native plugins compatible for Editor in 0.48 ms, found 0 plugins.
Preloading 0 native plugins for Editor in 0.00 ms.
Unloading 2071 Unused Serialized files (Serialized files now loaded: 0)
System memory in use before: 181.4 MB.
System memory in use after: 179.4 MB.

Unloading 42 unused Assets to reduce memory usage. Loaded Objects now: 2609.
Total: 3.842600 ms (FindLiveObjects: 0.254100 ms CreateObjectMapping: 0.107900 ms MarkObjects: 1.965100 ms  DeleteObjects: 1.513900 ms)

========================================================================
Received Prepare
Registering precompiled user dll's ...
Registered in 0.002803 seconds.
Begin MonoManager ReloadAssembly
Native extension for WindowsStandalone target not found
Refreshing native plugins compatible for Editor in 0.66 ms, found 0 plugins.
Preloading 0 native plugins for Editor in 0.00 ms.
Invoked RoslynAnalysisRunner static constructor.
RoslynAnalysisRunner will not be running.
RoslynAnalysisRunner has terminated.
Mono: successfully reloaded assembly
- Completed reload, in  0.910 seconds
Platform modules already initialized, skipping
Shader 'Universal Render Pipeline/Particles/Lit': fallback shader 'Universal Render Pipeline/Particles/SimpleLit' not found
Refreshing native plugins compatible for Editor in 0.52 ms, found 0 plugins.
Preloading 0 native plugins for Editor in 0.00 ms.
Unloading 2071 Unused Serialized files (Serialized files now loaded: 0)
System memory in use before: 181.4 MB.
System memory in use after: 179.4 MB.

Unloading 42 unused Assets to reduce memory usage. Loaded Objects now: 2611.
Total: 3.171000 ms (FindLiveObjects: 0.255000 ms CreateObjectMapping: 0.100000 ms MarkObjects: 1.511200 ms  DeleteObjects: 1.303600 ms)

========================================================================
Received Prepare
Registering precompiled user dll's ...
Registered in 0.010979 seconds.
Begin MonoManager ReloadAssembly
Native extension for WindowsStandalone target not found
Refreshing native plugins compatible for Editor in 1.20 ms, found 0 plugins.
Preloading 0 native plugins for Editor in 0.00 ms.
Invoked RoslynAnalysisRunner static constructor.
RoslynAnalysisRunner will not be running.
RoslynAnalysisRunner has terminated.
Mono: successfully reloaded assembly
- Completed reload, in  2.856 seconds
Platform modules already initialized, skipping
Shader 'Universal Render Pipeline/Particles/Lit': fallback shader 'Universal Render Pipeline/Particles/SimpleLit' not found
Refreshing native plugins compatible for Editor in 1.14 ms, found 0 plugins.
Preloading 0 native plugins for Editor in 0.00 ms.
Unloading 2071 Unused Serialized files (Serialized files now loaded: 0)
System memory in use before: 181.4 MB.
System memory in use after: 179.4 MB.

Unloading 42 unused Assets to reduce memory usage. Loaded Objects now: 2613.
Total: 8.418500 ms (FindLiveObjects: 0.625900 ms CreateObjectMapping: 0.225200 ms MarkObjects: 4.223600 ms  DeleteObjects: 3.340800 ms)

========================================================================
Received Import Request.
  Time since last request: 15754.972722 seconds.
  path: Assets/Prototype2/Scenes/Level 1.unity
  artifactKey: Guid(1abf6ee1083d3d245b5c79f6e8e07084) Importer(815301076,1909f56bfc062723c751e8b465ee728b)
Start importing Assets/Prototype2/Scenes/Level 1.unity using Guid(1abf6ee1083d3d245b5c79f6e8e07084) Importer(815301076,1909f56bfc062723c751e8b465ee728b)  -> (artifact id: '17d5cdc5d27e837e4ffca10e2c59a485') in 1.305917 seconds
  Import took 2.178549 seconds .

========================================================================
Received Import Request.
  Time since last request: 30.601817 seconds.
  path: Assets/Prototype2/Materials
  artifactKey: Guid(4ff23fc63d2e75848a86760541b3c4f0) Importer(815301076,1909f56bfc062723c751e8b465ee728b)
Start importing Assets/Prototype2/Materials using Guid(4ff23fc63d2e75848a86760541b3c4f0) Importer(815301076,1909f56bfc062723c751e8b465ee728b)  -> (artifact id: '691340cb86065c1b630440c94007d2c3') in 0.031462 seconds
  Import took 0.045854 seconds .

========================================================================
Received Import Request.
  Time since last request: 15.542539 seconds.
  path: Assets/Prototype2/Materials/New Material.mat
  artifactKey: Guid(01291cb77efd61a42b8cbf7e1ac5dfb9) Importer(815301076,1909f56bfc062723c751e8b465ee728b)
Start importing Assets/Prototype2/Materials/New Material.mat using Guid(01291cb77efd61a42b8cbf7e1ac5dfb9) Importer(815301076,1909f56bfc062723c751e8b465ee728b)  -> (artifact id: '2c0156bc05335233fdabbeae7d8814c7') in 1.558236 seconds
  Import took 1.571859 seconds .

========================================================================
Received Import Request.
  Time since last request: 0.016356 seconds.
  path: Assets/Prototype2/Materials/New Material.mat
  artifactKey: Guid(01291cb77efd61a42b8cbf7e1ac5dfb9) Importer(815301076,1909f56bfc062723c751e8b465ee728b)
Start importing Assets/Prototype2/Materials/New Material.mat using Guid(01291cb77efd61a42b8cbf7e1ac5dfb9) Importer(815301076,1909f56bfc062723c751e8b465ee728b)  -> (artifact id: '2c0156bc05335233fdabbeae7d8814c7') in 0.047435 seconds
  Import took 0.057301 seconds .

========================================================================
Received Import Request.
  Time since last request: 47.290377 seconds.
  path: Assets/Prototype2/Materials/Player.mat
  artifactKey: Guid(01291cb77efd61a42b8cbf7e1ac5dfb9) Importer(815301076,1909f56bfc062723c751e8b465ee728b)
Start importing Assets/Prototype2/Materials/Player.mat using Guid(01291cb77efd61a42b8cbf7e1ac5dfb9) Importer(815301076,1909f56bfc062723c751e8b465ee728b)  -> (artifact id: '095bb1cca65505b8bae7308a90634222') in 0.063732 seconds
  Import took 0.073630 seconds .

========================================================================
Received Import Request.
  Time since last request: 0.000593 seconds.
  path: Assets/Prototype2/Materials/Trees.mat
  artifactKey: Guid(93e05d4d6e241c74586946968b110217) Importer(815301076,1909f56bfc062723c751e8b465ee728b)
Start importing Assets/Prototype2/Materials/Trees.mat using Guid(93e05d4d6e241c74586946968b110217) Importer(815301076,1909f56bfc062723c751e8b465ee728b)  -> (artifact id: '9d0befa91dcffbddcd6536b4ca1c886d') in 0.050241 seconds
  Import took 0.060774 seconds .

========================================================================
Received Import Request.
  Time since last request: 43.232575 seconds.
  path: Assets/Prototype2/Prefabs/Tree.prefab
  artifactKey: Guid(e66b25a1b1e22d54785e88047f63ea11) Importer(815301076,1909f56bfc062723c751e8b465ee728b)
Start importing Assets/Prototype2/Prefabs/Tree.prefab using Guid(e66b25a1b1e22d54785e88047f63ea11) Importer(815301076,1909f56bfc062723c751e8b465ee728b)  -> (artifact id: '730924a554021c87c27c0323a8862418') in 0.117266 seconds
  Import took 0.128776 seconds .

========================================================================
Received Import Request.
  Time since last request: 16.223877 seconds.
  path: Assets/Prototype2/Materials/Trees.mat
  artifactKey: Guid(93e05d4d6e241c74586946968b110217) Importer(815301076,1909f56bfc062723c751e8b465ee728b)
Start importing Assets/Prototype2/Materials/Trees.mat using Guid(93e05d4d6e241c74586946968b110217) Importer(815301076,1909f56bfc062723c751e8b465ee728b)  -> (artifact id: 'd5b8651a707417f0fdf42d4badf293b0') in 0.046130 seconds
  Import took 0.061299 seconds .

========================================================================
Received Import Request.
  Time since last request: 0.000511 seconds.
  path: Assets/Prototype2/Materials/Wood.mat
  artifactKey: Guid(e18de7bce7a559742bfcc61b5302bc00) Importer(815301076,1909f56bfc062723c751e8b465ee728b)
Start importing Assets/Prototype2/Materials/Wood.mat using Guid(e18de7bce7a559742bfcc61b5302bc00) Importer(815301076,1909f56bfc062723c751e8b465ee728b)  -> (artifact id: 'f3e8e68c8efa67d99d887d20547f8d9f') in 0.040156 seconds
  Import took 0.050265 seconds .

========================================================================
Received Import Request.
  Time since last request: 34.999788 seconds.
  path: Assets/Prototype2/Materials/Wood.mat
  artifactKey: Guid(e18de7bce7a559742bfcc61b5302bc00) Importer(815301076,1909f56bfc062723c751e8b465ee728b)
Start importing Assets/Prototype2/Materials/Wood.mat using Guid(e18de7bce7a559742bfcc61b5302bc00) Importer(815301076,1909f56bfc062723c751e8b465ee728b)  -> (artifact id: 'e2f82707519fa28f1b84796fd172b03d') in 0.043652 seconds
  Import took 0.055107 seconds .

========================================================================
Received Prepare
Registering precompiled user dll's ...
Registered in 0.008712 seconds.
Begin MonoManager ReloadAssembly
Native extension for WindowsStandalone target not found
Refreshing native plugins compatible for Editor in 1.17 ms, found 0 plugins.
Preloading 0 native plugins for Editor in 0.00 ms.
Invoked RoslynAnalysisRunner static constructor.
RoslynAnalysisRunner will not be running.
RoslynAnalysisRunner has terminated.
Mono: successfully reloaded assembly
- Completed reload, in  3.206 seconds
Platform modules already initialized, skipping
Shader 'Universal Render Pipeline/Particles/Lit': fallback shader 'Universal Render Pipeline/Particles/SimpleLit' not found
Refreshing native plugins compatible for Editor in 1.11 ms, found 0 plugins.
Preloading 0 native plugins for Editor in 0.00 ms.
Unloading 2071 Unused Serialized files (Serialized files now loaded: 0)
System memory in use before: 186.9 MB.
System memory in use after: 185.0 MB.

Unloading 42 unused Assets to reduce memory usage. Loaded Objects now: 2693.
Total: 8.175800 ms (FindLiveObjects: 0.540900 ms CreateObjectMapping: 0.251800 ms MarkObjects: 4.480100 ms  DeleteObjects: 2.900600 ms)

========================================================================
Received Import Request.
  Time since last request: 2069.935055 seconds.
  path: Assets/Prototype2/Scenes/Level 1.unity
  artifactKey: Guid(1abf6ee1083d3d245b5c79f6e8e07084) Importer(815301076,1909f56bfc062723c751e8b465ee728b)
Start importing Assets/Prototype2/Scenes/Level 1.unity using Guid(1abf6ee1083d3d245b5c79f6e8e07084) Importer(815301076,1909f56bfc062723c751e8b465ee728b)  -> (artifact id: '6000e1fbc34f1ba970b7ee685f8e1784') in 0.408643 seconds
  Import took 0.651982 seconds .

========================================================================
Received Import Request.
  Time since last request: 677.478478 seconds.
  path: Assets/Prototype3/Scenes/Prototype 3.unity
  artifactKey: Guid(60ebedf8f992b24468440c37fdfe01cc) Importer(815301076,1909f56bfc062723c751e8b465ee728b)
Start importing Assets/Prototype3/Scenes/Prototype 3.unity using Guid(60ebedf8f992b24468440c37fdfe01cc) Importer(815301076,1909f56bfc062723c751e8b465ee728b)  -> (artifact id: 'bf7f612dd53ea618996c1e4dba562a86') in 0.021859 seconds
  Import took 0.034818 seconds .

========================================================================
Received Prepare
Registering precompiled user dll's ...
Registered in 0.008681 seconds.
Begin MonoManager ReloadAssembly
Native extension for WindowsStandalone target not found
Refreshing native plugins compatible for Editor in 1.21 ms, found 0 plugins.
Preloading 0 native plugins for Editor in 0.00 ms.
Invoked RoslynAnalysisRunner static constructor.
RoslynAnalysisRunner will not be running.
RoslynAnalysisRunner has terminated.
Mono: successfully reloaded assembly
- Completed reload, in  3.073 seconds
Platform modules already initialized, skipping
Shader 'Universal Render Pipeline/Particles/Lit': fallback shader 'Universal Render Pipeline/Particles/SimpleLit' not found
Refreshing native plugins compatible for Editor in 1.18 ms, found 0 plugins.
Preloading 0 native plugins for Editor in 0.00 ms.
Unloading 2071 Unused Serialized files (Serialized files now loaded: 0)
System memory in use before: 186.9 MB.
System memory in use after: 185.0 MB.

Unloading 42 unused Assets to reduce memory usage. Loaded Objects now: 2695.
Total: 12.419300 ms (FindLiveObjects: 0.604100 ms CreateObjectMapping: 0.271300 ms MarkObjects: 8.175600 ms  DeleteObjects: 3.364300 ms)

========================================================================
Received Prepare
Registering precompiled user dll's ...
Registered in 0.012105 seconds.
Begin MonoManager ReloadAssembly
Native extension for WindowsStandalone target not found
Refreshing native plugins compatible for Editor in 1.93 ms, found 0 plugins.
Preloading 0 native plugins for Editor in 0.00 ms.
Invoked RoslynAnalysisRunner static constructor.
RoslynAnalysisRunner will not be running.
RoslynAnalysisRunner has terminated.
Mono: successfully reloaded assembly
- Completed reload, in  3.214 seconds
Platform modules already initialized, skipping
Shader 'Universal Render Pipeline/Particles/Lit': fallback shader 'Universal Render Pipeline/Particles/SimpleLit' not found
Refreshing native plugins compatible for Editor in 1.14 ms, found 0 plugins.
Preloading 0 native plugins for Editor in 0.00 ms.
Unloading 2071 Unused Serialized files (Serialized files now loaded: 0)
System memory in use before: 186.9 MB.
System memory in use after: 185.0 MB.

Unloading 42 unused Assets to reduce memory usage. Loaded Objects now: 2697.
Total: 7.939100 ms (FindLiveObjects: 0.690300 ms CreateObjectMapping: 0.289600 ms MarkObjects: 3.982300 ms  DeleteObjects: 2.974100 ms)

========================================================================
Received Prepare
Shader 'Universal Render Pipeline/Particles/Lit': fallback shader 'Universal Render Pipeline/Particles/SimpleLit' not found
Refreshing native plugins compatible for Editor in 14.11 ms, found 0 plugins.
Preloading 0 native plugins for Editor in 0.00 ms.
Unloading 39 Unused Serialized files (Serialized files now loaded: 0)
System memory in use before: 146.7 MB.
System memory in use after: 144.8 MB.

Unloading 39 unused Assets to reduce memory usage. Loaded Objects now: 2697.
Total: 242.035600 ms (FindLiveObjects: 7.690400 ms CreateObjectMapping: 0.638900 ms MarkObjects: 230.155600 ms  DeleteObjects: 3.545700 ms)

========================================================================
Received Prepare
Shader 'Universal Render Pipeline/Particles/Lit': fallback shader 'Universal Render Pipeline/Particles/SimpleLit' not found
Refreshing native plugins compatible for Editor in 8.94 ms, found 0 plugins.
Preloading 0 native plugins for Editor in 0.00 ms.
Unloading 39 Unused Serialized files (Serialized files now loaded: 0)
System memory in use before: 146.7 MB.
System memory in use after: 144.8 MB.

Unloading 39 unused Assets to reduce memory usage. Loaded Objects now: 2697.
Total: 9.953500 ms (FindLiveObjects: 0.711500 ms CreateObjectMapping: 0.262700 ms MarkObjects: 5.827300 ms  DeleteObjects: 3.148400 ms)

========================================================================
Received Import Request.
  Time since last request: 6021.242207 seconds.
  path: Assets/Prototype4/Scenes/Prototype 4.unity
  artifactKey: Guid(b80cd75ccec366849b89dbd4fc679d4c) Importer(815301076,1909f56bfc062723c751e8b465ee728b)
Start importing Assets/Prototype4/Scenes/Prototype 4.unity using Guid(b80cd75ccec366849b89dbd4fc679d4c) Importer(815301076,1909f56bfc062723c751e8b465ee728b)  -> (artifact id: 'b7091750a834f98adcb09c7ceb10117c') in 0.308088 seconds
  Import took 0.328852 seconds .

========================================================================
Received Prepare
Shader 'Universal Render Pipeline/Particles/Lit': fallback shader 'Universal Render Pipeline/Particles/SimpleLit' not found
Refreshing native plugins compatible for Editor in 6.65 ms, found 0 plugins.
Preloading 0 native plugins for Editor in 0.00 ms.
Unloading 39 Unused Serialized files (Serialized files now loaded: 0)
System memory in use before: 146.7 MB.
System memory in use after: 144.8 MB.

Unloading 39 unused Assets to reduce memory usage. Loaded Objects now: 2697.
Total: 17.385100 ms (FindLiveObjects: 1.026000 ms CreateObjectMapping: 0.525200 ms MarkObjects: 10.172700 ms  DeleteObjects: 5.655900 ms)

========================================================================
Received Prepare
Registering precompiled user dll's ...
Registered in 0.010015 seconds.
Begin MonoManager ReloadAssembly
Native extension for WindowsStandalone target not found
Refreshing native plugins compatible for Editor in 1.10 ms, found 0 plugins.
Preloading 0 native plugins for Editor in 0.00 ms.
Invoked RoslynAnalysisRunner static constructor.
RoslynAnalysisRunner will not be running.
RoslynAnalysisRunner has terminated.
Mono: successfully reloaded assembly
- Completed reload, in  3.358 seconds
Platform modules already initialized, skipping
Shader 'Universal Render Pipeline/Particles/Lit': fallback shader 'Universal Render Pipeline/Particles/SimpleLit' not found
Refreshing native plugins compatible for Editor in 1.40 ms, found 0 plugins.
Preloading 0 native plugins for Editor in 0.00 ms.
Unloading 2071 Unused Serialized files (Serialized files now loaded: 0)
System memory in use before: 186.9 MB.
System memory in use after: 185.0 MB.

Unloading 42 unused Assets to reduce memory usage. Loaded Objects now: 2699.
Total: 12.504300 ms (FindLiveObjects: 0.822100 ms CreateObjectMapping: 0.436200 ms MarkObjects: 7.590300 ms  DeleteObjects: 3.649800 ms)

========================================================================
Received Prepare
Registering precompiled user dll's ...
Registered in 0.013408 seconds.
Begin MonoManager ReloadAssembly
Native extension for WindowsStandalone target not found
Refreshing native plugins compatible for Editor in 1.19 ms, found 0 plugins.
Preloading 0 native plugins for Editor in 0.00 ms.
Invoked RoslynAnalysisRunner static constructor.
RoslynAnalysisRunner will not be running.
RoslynAnalysisRunner has terminated.
Mono: successfully reloaded assembly
- Completed reload, in  4.733 seconds
Platform modules already initialized, skipping
Shader 'Universal Render Pipeline/Particles/Lit': fallback shader 'Universal Render Pipeline/Particles/SimpleLit' not found
Refreshing native plugins compatible for Editor in 1.28 ms, found 0 plugins.
Preloading 0 native plugins for Editor in 0.00 ms.
Unloading 2071 Unused Serialized files (Serialized files now loaded: 0)
System memory in use before: 187.0 MB.
System memory in use after: 185.1 MB.

Unloading 42 unused Assets to reduce memory usage. Loaded Objects now: 2701.
Total: 9.150800 ms (FindLiveObjects: 0.879800 ms CreateObjectMapping: 0.419600 ms MarkObjects: 4.647500 ms  DeleteObjects: 3.201000 ms)

========================================================================
Received Prepare
Registering precompiled user dll's ...
Registered in 0.011534 seconds.
Begin MonoManager ReloadAssembly
Native extension for WindowsStandalone target not found
Refreshing native plugins compatible for Editor in 1.11 ms, found 0 plugins.
Preloading 0 native plugins for Editor in 0.00 ms.
Invoked RoslynAnalysisRunner static constructor.
RoslynAnalysisRunner will not be running.
RoslynAnalysisRunner has terminated.
Mono: successfully reloaded assembly
- Completed reload, in  2.779 seconds
Platform modules already initialized, skipping
Shader 'Universal Render Pipeline/Particles/Lit': fallback shader 'Universal Render Pipeline/Particles/SimpleLit' not found
Refreshing native plugins compatible for Editor in 1.14 ms, found 0 plugins.
Preloading 0 native plugins for Editor in 0.00 ms.
Unloading 2071 Unused Serialized files (Serialized files now loaded: 0)
System memory in use before: 186.9 MB.
System memory in use after: 185.1 MB.

Unloading 42 unused Assets to reduce memory usage. Loaded Objects now: 2703.
Total: 8.747700 ms (FindLiveObjects: 0.551100 ms CreateObjectMapping: 0.251200 ms MarkObjects: 4.844800 ms  DeleteObjects: 3.097900 ms)

========================================================================
Received Prepare
Registering precompiled user dll's ...
Registered in 0.008120 seconds.
Begin MonoManager ReloadAssembly
Native extension for WindowsStandalone target not found
Refreshing native plugins compatible for Editor in 1.10 ms, found 0 plugins.
Preloading 0 native plugins for Editor in 0.00 ms.
Invoked RoslynAnalysisRunner static constructor.
RoslynAnalysisRunner will not be running.
RoslynAnalysisRunner has terminated.
Mono: successfully reloaded assembly
- Completed reload, in  2.817 seconds
Platform modules already initialized, skipping
Shader 'Universal Render Pipeline/Particles/Lit': fallback shader 'Universal Render Pipeline/Particles/SimpleLit' not found
Refreshing native plugins compatible for Editor in 1.12 ms, found 0 plugins.
Preloading 0 native plugins for Editor in 0.00 ms.
Unloading 2071 Unused Serialized files (Serialized files now loaded: 0)
System memory in use before: 187.0 MB.
System memory in use after: 185.1 MB.

Unloading 42 unused Assets to reduce memory usage. Loaded Objects now: 2705.
Total: 8.349800 ms (FindLiveObjects: 0.557600 ms CreateObjectMapping: 0.281700 ms MarkObjects: 4.362300 ms  DeleteObjects: 3.145400 ms)

========================================================================
Received Import Request.
  Time since last request: 642.492698 seconds.
  path: Assets/Prototype2/Prefabs/Tree.prefab
  artifactKey: Guid(e66b25a1b1e22d54785e88047f63ea11) Importer(815301076,1909f56bfc062723c751e8b465ee728b)
Start importing Assets/Prototype2/Prefabs/Tree.prefab using Guid(e66b25a1b1e22d54785e88047f63ea11) Importer(815301076,1909f56bfc062723c751e8b465ee728b)  -> (artifact id: '87fc7ebc402d05eedb38278cc3f86615') in 0.616242 seconds
  Import took 0.629286 seconds .

========================================================================
Received Import Request.
  Time since last request: 9.343684 seconds.
  path: Assets/Prototype3/Scenes/Prototype 3.unity
  artifactKey: Guid(60ebedf8f992b24468440c37fdfe01cc) Importer(815301076,1909f56bfc062723c751e8b465ee728b)
Start importing Assets/Prototype3/Scenes/Prototype 3.unity using Guid(60ebedf8f992b24468440c37fdfe01cc) Importer(815301076,1909f56bfc062723c751e8b465ee728b)  -> (artifact id: '11718b4ffb40f447471d69925feff89f') in 0.019998 seconds
  Import took 0.032740 seconds .

========================================================================
Received Prepare
Registering precompiled user dll's ...
Registered in 0.016708 seconds.
Begin MonoManager ReloadAssembly
Native extension for WindowsStandalone target not found
Refreshing native plugins compatible for Editor in 2.38 ms, found 0 plugins.
Preloading 0 native plugins for Editor in 0.00 ms.
Invoked RoslynAnalysisRunner static constructor.
RoslynAnalysisRunner will not be running.
RoslynAnalysisRunner has terminated.
Mono: successfully reloaded assembly
- Completed reload, in  2.838 seconds
Platform modules already initialized, skipping
Shader 'Universal Render Pipeline/Particles/Lit': fallback shader 'Universal Render Pipeline/Particles/SimpleLit' not found
Refreshing native plugins compatible for Editor in 1.12 ms, found 0 plugins.
Preloading 0 native plugins for Editor in 0.00 ms.
Unloading 2071 Unused Serialized files (Serialized files now loaded: 0)
System memory in use before: 187.1 MB.
System memory in use after: 185.2 MB.

Unloading 42 unused Assets to reduce memory usage. Loaded Objects now: 2743.
Total: 9.481600 ms (FindLiveObjects: 0.613900 ms CreateObjectMapping: 0.485700 ms MarkObjects: 4.746900 ms  DeleteObjects: 3.631000 ms)

========================================================================
Received Import Request.
  Time since last request: 83.067121 seconds.
  path: Assets/Prototype4/Scenes/Prototype 4.unity
  artifactKey: Guid(b80cd75ccec366849b89dbd4fc679d4c) Importer(815301076,1909f56bfc062723c751e8b465ee728b)
Start importing Assets/Prototype4/Scenes/Prototype 4.unity using Guid(b80cd75ccec366849b89dbd4fc679d4c) Importer(815301076,1909f56bfc062723c751e8b465ee728b)  -> (artifact id: '5150bcde76e342bf06328a472ad15e1d') in 0.040331 seconds
  Import took 0.050163 seconds .

========================================================================
Received Prepare
Shader 'Universal Render Pipeline/Particles/Lit': fallback shader 'Universal Render Pipeline/Particles/SimpleLit' not found
Refreshing native plugins compatible for Editor in 5.38 ms, found 0 plugins.
Preloading 0 native plugins for Editor in 0.00 ms.
Unloading 39 Unused Serialized files (Serialized files now loaded: 0)
System memory in use before: 146.8 MB.
System memory in use after: 145.0 MB.

Unloading 39 unused Assets to reduce memory usage. Loaded Objects now: 2743.
Total: 12.873000 ms (FindLiveObjects: 0.842100 ms CreateObjectMapping: 0.273200 ms MarkObjects: 8.541500 ms  DeleteObjects: 3.212600 ms)

========================================================================
Received Import Request.
  Time since last request: 184.865208 seconds.
  path: Assets/Prototype3/Scenes/Prototype 3.unity
  artifactKey: Guid(60ebedf8f992b24468440c37fdfe01cc) Importer(815301076,1909f56bfc062723c751e8b465ee728b)
Start importing Assets/Prototype3/Scenes/Prototype 3.unity using Guid(60ebedf8f992b24468440c37fdfe01cc) Importer(815301076,1909f56bfc062723c751e8b465ee728b)  -> (artifact id: 'c162c19617205a54e5bcb9e1614e685a') in 0.023993 seconds
  Import took 0.037586 seconds .

========================================================================
Received Prepare
Registering precompiled user dll's ...
Registered in 0.008683 seconds.
Begin MonoManager ReloadAssembly
Native extension for WindowsStandalone target not found
Refreshing native plugins compatible for Editor in 1.14 ms, found 0 plugins.
Preloading 0 native plugins for Editor in 0.00 ms.
Invoked RoslynAnalysisRunner static constructor.
RoslynAnalysisRunner will not be running.
RoslynAnalysisRunner has terminated.
Mono: successfully reloaded assembly
- Completed reload, in  2.887 seconds
Platform modules already initialized, skipping
Shader 'Universal Render Pipeline/Particles/Lit': fallback shader 'Universal Render Pipeline/Particles/SimpleLit' not found
Refreshing native plugins compatible for Editor in 1.11 ms, found 0 plugins.
Preloading 0 native plugins for Editor in 0.00 ms.
Unloading 2071 Unused Serialized files (Serialized files now loaded: 0)
System memory in use before: 187.1 MB.
System memory in use after: 185.2 MB.

Unloading 42 unused Assets to reduce memory usage. Loaded Objects now: 2745.
Total: 9.348400 ms (FindLiveObjects: 0.804900 ms CreateObjectMapping: 0.365800 ms MarkObjects: 4.534500 ms  DeleteObjects: 3.640000 ms)

========================================================================
Received Import Request.
  Time since last request: 186.714742 seconds.
  path: Assets/Prototype3/Prefabs
  artifactKey: Guid(dda25793d8ea9a746a20d8be600469eb) Importer(815301076,1909f56bfc062723c751e8b465ee728b)
Start importing Assets/Prototype3/Prefabs using Guid(dda25793d8ea9a746a20d8be600469eb) Importer(815301076,1909f56bfc062723c751e8b465ee728b)  -> (artifact id: 'cbdbc7f6cdcfb3228080110ac3eebfd5') in 0.032743 seconds
  Import took 0.045803 seconds .

========================================================================
Received Import Request.
  Time since last request: 0.002563 seconds.
  path: Assets/Prototype3/Prefabs
  artifactKey: Guid(dda25793d8ea9a746a20d8be600469eb) Importer(815301076,1909f56bfc062723c751e8b465ee728b)
Start importing Assets/Prototype3/Prefabs using Guid(dda25793d8ea9a746a20d8be600469eb) Importer(815301076,1909f56bfc062723c751e8b465ee728b)  -> (artifact id: 'cbdbc7f6cdcfb3228080110ac3eebfd5') in 0.009340 seconds
  Import took 0.164875 seconds .

========================================================================
Received Import Request.
  Time since last request: 40.866363 seconds.
  path: Assets/Prototype3/Scenes/Prototype 3.unity
  artifactKey: Guid(60ebedf8f992b24468440c37fdfe01cc) Importer(815301076,1909f56bfc062723c751e8b465ee728b)
Start importing Assets/Prototype3/Scenes/Prototype 3.unity using Guid(60ebedf8f992b24468440c37fdfe01cc) Importer(815301076,1909f56bfc062723c751e8b465ee728b)  -> (artifact id: '24fb580f0a11238641aa48c56d601be0') in 0.027965 seconds
  Import took 0.038656 seconds .

========================================================================
Received Prepare
Registering precompiled user dll's ...
Registered in 0.008517 seconds.
Begin MonoManager ReloadAssembly
Native extension for WindowsStandalone target not found
Refreshing native plugins compatible for Editor in 1.09 ms, found 0 plugins.
Preloading 0 native plugins for Editor in 0.00 ms.
Invoked RoslynAnalysisRunner static constructor.
RoslynAnalysisRunner will not be running.
RoslynAnalysisRunner has terminated.
Mono: successfully reloaded assembly
- Completed reload, in  2.917 seconds
Platform modules already initialized, skipping
Shader 'Universal Render Pipeline/Particles/Lit': fallback shader 'Universal Render Pipeline/Particles/SimpleLit' not found
Refreshing native plugins compatible for Editor in 1.16 ms, found 0 plugins.
Preloading 0 native plugins for Editor in 0.00 ms.
Unloading 2071 Unused Serialized files (Serialized files now loaded: 0)
System memory in use before: 187.1 MB.
System memory in use after: 185.2 MB.

Unloading 42 unused Assets to reduce memory usage. Loaded Objects now: 2747.
Total: 9.154400 ms (FindLiveObjects: 0.826900 ms CreateObjectMapping: 0.378500 ms MarkObjects: 4.833100 ms  DeleteObjects: 3.111900 ms)

========================================================================
Received Import Request.
  Time since last request: 17.217670 seconds.
  path: Assets/Prototype3/Prefabs/PauseCanvas.prefab
  artifactKey: Guid(1984a36bf625abd4a96b7445ddc83869) Importer(815301076,1909f56bfc062723c751e8b465ee728b)
Start importing Assets/Prototype3/Prefabs/PauseCanvas.prefab using Guid(1984a36bf625abd4a96b7445ddc83869) Importer(815301076,1909f56bfc062723c751e8b465ee728b)  -> (artifact id: 'c87e9a7301b941b9f1006c8c5ce322f1') in 0.423042 seconds
  Import took 0.438488 seconds .

========================================================================
Received Prepare
Registering precompiled user dll's ...
Registered in 0.010793 seconds.
Begin MonoManager ReloadAssembly
Native extension for WindowsStandalone target not found
Refreshing native plugins compatible for Editor in 1.12 ms, found 0 plugins.
Preloading 0 native plugins for Editor in 0.00 ms.
Invoked RoslynAnalysisRunner static constructor.
RoslynAnalysisRunner will not be running.
RoslynAnalysisRunner has terminated.
Mono: successfully reloaded assembly
- Completed reload, in  2.794 seconds
Platform modules already initialized, skipping
Shader 'Universal Render Pipeline/Particles/Lit': fallback shader 'Universal Render Pipeline/Particles/SimpleLit' not found
Refreshing native plugins compatible for Editor in 1.12 ms, found 0 plugins.
Preloading 0 native plugins for Editor in 0.00 ms.
Unloading 2071 Unused Serialized files (Serialized files now loaded: 0)
System memory in use before: 187.2 MB.
System memory in use after: 185.4 MB.

Unloading 44 unused Assets to reduce memory usage. Loaded Objects now: 2751.
Total: 9.044500 ms (FindLiveObjects: 0.715100 ms CreateObjectMapping: 0.416000 ms MarkObjects: 4.788600 ms  DeleteObjects: 3.121300 ms)

========================================================================
Received Prepare
Registering precompiled user dll's ...
Registered in 0.010450 seconds.
Begin MonoManager ReloadAssembly
Native extension for WindowsStandalone target not found
Refreshing native plugins compatible for Editor in 1.16 ms, found 0 plugins.
Preloading 0 native plugins for Editor in 0.00 ms.
Invoked RoslynAnalysisRunner static constructor.
RoslynAnalysisRunner will not be running.
RoslynAnalysisRunner has terminated.
Mono: successfully reloaded assembly
- Completed reload, in  2.860 seconds
Platform modules already initialized, skipping
Shader 'Universal Render Pipeline/Particles/Lit': fallback shader 'Universal Render Pipeline/Particles/SimpleLit' not found
Refreshing native plugins compatible for Editor in 1.13 ms, found 0 plugins.
Preloading 0 native plugins for Editor in 0.00 ms.
Unloading 2071 Unused Serialized files (Serialized files now loaded: 0)
System memory in use before: 187.2 MB.
System memory in use after: 185.3 MB.

Unloading 42 unused Assets to reduce memory usage. Loaded Objects now: 2753.
Total: 9.166900 ms (FindLiveObjects: 0.797900 ms CreateObjectMapping: 0.357700 ms MarkObjects: 4.852300 ms  DeleteObjects: 3.155800 ms)

========================================================================
Received Import Request.
  Time since last request: 340.637378 seconds.
  path: Assets/Prototype3/Scenes/Prototype 3.unity
  artifactKey: Guid(60ebedf8f992b24468440c37fdfe01cc) Importer(815301076,1909f56bfc062723c751e8b465ee728b)
Start importing Assets/Prototype3/Scenes/Prototype 3.unity using Guid(60ebedf8f992b24468440c37fdfe01cc) Importer(815301076,1909f56bfc062723c751e8b465ee728b)  -> (artifact id: 'a42e5e3f9a67440f96e7c27c5815d21e') in 0.033828 seconds
  Import took 0.046586 seconds .

========================================================================
Received Import Request.
  Time since last request: 166.167639 seconds.
  path: Assets/Prototype4/Scenes/Prototype 4.unity
  artifactKey: Guid(b80cd75ccec366849b89dbd4fc679d4c) Importer(815301076,1909f56bfc062723c751e8b465ee728b)
Start importing Assets/Prototype4/Scenes/Prototype 4.unity using Guid(b80cd75ccec366849b89dbd4fc679d4c) Importer(815301076,1909f56bfc062723c751e8b465ee728b)  -> (artifact id: '8f0f763246a34f6a5827c08a9ce10c37') in 0.009271 seconds
  Import took 0.020616 seconds .

========================================================================
Received Prepare
Registering precompiled user dll's ...
Registered in 0.008450 seconds.
Begin MonoManager ReloadAssembly
Native extension for WindowsStandalone target not found
Refreshing native plugins compatible for Editor in 1.10 ms, found 0 plugins.
Preloading 0 native plugins for Editor in 0.00 ms.
Invoked RoslynAnalysisRunner static constructor.
RoslynAnalysisRunner will not be running.
RoslynAnalysisRunner has terminated.
Mono: successfully reloaded assembly
- Completed reload, in  3.257 seconds
Platform modules already initialized, skipping
Shader 'Universal Render Pipeline/Particles/Lit': fallback shader 'Universal Render Pipeline/Particles/SimpleLit' not found
Refreshing native plugins compatible for Editor in 1.17 ms, found 0 plugins.
Preloading 0 native plugins for Editor in 0.00 ms.
Unloading 2071 Unused Serialized files (Serialized files now loaded: 0)
System memory in use before: 187.2 MB.
System memory in use after: 185.3 MB.

Unloading 42 unused Assets to reduce memory usage. Loaded Objects now: 2755.
Total: 11.214000 ms (FindLiveObjects: 0.856600 ms CreateObjectMapping: 0.362000 ms MarkObjects: 5.573900 ms  DeleteObjects: 4.417800 ms)

========================================================================
Received Prepare
Registering precompiled user dll's ...
Registered in 0.002853 seconds.
Begin MonoManager ReloadAssembly
Native extension for WindowsStandalone target not found
Refreshing native plugins compatible for Editor in 0.51 ms, found 0 plugins.
Preloading 0 native plugins for Editor in 0.00 ms.
Invoked RoslynAnalysisRunner static constructor.
RoslynAnalysisRunner will not be running.
RoslynAnalysisRunner has terminated.
Mono: successfully reloaded assembly
- Completed reload, in  0.846 seconds
Platform modules already initialized, skipping
Shader 'Universal Render Pipeline/Particles/Lit': fallback shader 'Universal Render Pipeline/Particles/SimpleLit' not found
Refreshing native plugins compatible for Editor in 0.48 ms, found 0 plugins.
Preloading 0 native plugins for Editor in 0.00 ms.
Unloading 2071 Unused Serialized files (Serialized files now loaded: 0)
System memory in use before: 187.2 MB.
System memory in use after: 185.3 MB.

Unloading 42 unused Assets to reduce memory usage. Loaded Objects now: 2757.
Total: 3.513800 ms (FindLiveObjects: 0.314200 ms CreateObjectMapping: 0.133000 ms MarkObjects: 1.891900 ms  DeleteObjects: 1.173800 ms)

========================================================================
Received Prepare
Registering precompiled user dll's ...
Registered in 0.002710 seconds.
Begin MonoManager ReloadAssembly
Native extension for WindowsStandalone target not found
Refreshing native plugins compatible for Editor in 0.49 ms, found 0 plugins.
Preloading 0 native plugins for Editor in 0.00 ms.
Invoked RoslynAnalysisRunner static constructor.
RoslynAnalysisRunner will not be running.
RoslynAnalysisRunner has terminated.
Mono: successfully reloaded assembly
- Completed reload, in  0.822 seconds
Platform modules already initialized, skipping
Shader 'Universal Render Pipeline/Particles/Lit': fallback shader 'Universal Render Pipeline/Particles/SimpleLit' not found
Refreshing native plugins compatible for Editor in 0.46 ms, found 0 plugins.
Preloading 0 native plugins for Editor in 0.00 ms.
Unloading 2071 Unused Serialized files (Serialized files now loaded: 0)
System memory in use before: 187.3 MB.
System memory in use after: 185.4 MB.

Unloading 42 unused Assets to reduce memory usage. Loaded Objects now: 2759.
Total: 3.755600 ms (FindLiveObjects: 0.403500 ms CreateObjectMapping: 0.111600 ms MarkObjects: 1.997300 ms  DeleteObjects: 1.242200 ms)

========================================================================
Received Import Request.
  Time since last request: 314.850338 seconds.
  path: Assets/Prototype3/Scenes/Prototype 3.unity
  artifactKey: Guid(60ebedf8f992b24468440c37fdfe01cc) Importer(815301076,1909f56bfc062723c751e8b465ee728b)
Start importing Assets/Prototype3/Scenes/Prototype 3.unity using Guid(60ebedf8f992b24468440c37fdfe01cc) Importer(815301076,1909f56bfc062723c751e8b465ee728b)  -> (artifact id: 'c17950f14a365bde29255d2df8d46ae9') in 0.017565 seconds
  Import took 0.021457 seconds .

========================================================================
Received Prepare
Registering precompiled user dll's ...
Registered in 0.002551 seconds.
Begin MonoManager ReloadAssembly
Native extension for WindowsStandalone target not found
Refreshing native plugins compatible for Editor in 0.46 ms, found 0 plugins.
Preloading 0 native plugins for Editor in 0.00 ms.
Invoked RoslynAnalysisRunner static constructor.
RoslynAnalysisRunner will not be running.
RoslynAnalysisRunner has terminated.
Mono: successfully reloaded assembly
- Completed reload, in  0.831 seconds
Platform modules already initialized, skipping
Shader 'Universal Render Pipeline/Particles/Lit': fallback shader 'Universal Render Pipeline/Particles/SimpleLit' not found
Refreshing native plugins compatible for Editor in 0.59 ms, found 0 plugins.
Preloading 0 native plugins for Editor in 0.00 ms.
Unloading 2071 Unused Serialized files (Serialized files now loaded: 0)
System memory in use before: 187.3 MB.
System memory in use after: 185.3 MB.

Unloading 42 unused Assets to reduce memory usage. Loaded Objects now: 2761.
Total: 3.243800 ms (FindLiveObjects: 0.259100 ms CreateObjectMapping: 0.105000 ms MarkObjects: 1.739400 ms  DeleteObjects: 1.139300 ms)

========================================================================
Received Import Request.
  Time since last request: 32.207951 seconds.
  path: Assets/Prototype3/Prefabs/PauseCanvas (2).prefab
  artifactKey: Guid(1b5fe8a5d174279469142678080c598f) Importer(815301076,1909f56bfc062723c751e8b465ee728b)
Start importing Assets/Prototype3/Prefabs/PauseCanvas (2).prefab using Guid(1b5fe8a5d174279469142678080c598f) Importer(815301076,1909f56bfc062723c751e8b465ee728b)  -> (artifact id: '61442484bb4e1d79152cb396ab1527e0') in 0.115986 seconds
  Import took 0.120388 seconds .

========================================================================
Received Prepare
Registering precompiled user dll's ...
Registered in 0.002638 seconds.
Begin MonoManager ReloadAssembly
Native extension for WindowsStandalone target not found
Refreshing native plugins compatible for Editor in 0.50 ms, found 0 plugins.
Preloading 0 native plugins for Editor in 0.00 ms.
Invoked RoslynAnalysisRunner static constructor.
RoslynAnalysisRunner will not be running.
RoslynAnalysisRunner has terminated.
Mono: successfully reloaded assembly
- Completed reload, in  0.917 seconds
Platform modules already initialized, skipping
Shader 'Universal Render Pipeline/Particles/Lit': fallback shader 'Universal Render Pipeline/Particles/SimpleLit' not found
Refreshing native plugins compatible for Editor in 0.72 ms, found 0 plugins.
Preloading 0 native plugins for Editor in 0.00 ms.
Unloading 2071 Unused Serialized files (Serialized files now loaded: 0)
System memory in use before: 187.3 MB.
System memory in use after: 185.4 MB.

Unloading 44 unused Assets to reduce memory usage. Loaded Objects now: 2763.
Total: 3.682500 ms (FindLiveObjects: 0.288000 ms CreateObjectMapping: 0.110400 ms MarkObjects: 1.868400 ms  DeleteObjects: 1.414200 ms)

========================================================================
Received Import Request.
  Time since last request: 189.676490 seconds.
  path: Assets/Prototype3/Scenes/Prototype 3.unity
  artifactKey: Guid(60ebedf8f992b24468440c37fdfe01cc) Importer(815301076,1909f56bfc062723c751e8b465ee728b)
Start importing Assets/Prototype3/Scenes/Prototype 3.unity using Guid(60ebedf8f992b24468440c37fdfe01cc) Importer(815301076,1909f56bfc062723c751e8b465ee728b)  -> (artifact id: '8212e35b84264c3e1a7db5571749f658') in 0.015582 seconds
  Import took 0.020617 seconds .

========================================================================
Received Import Request.
  Time since last request: 118.724155 seconds.
  path: Assets/Prototype4/Scenes/Prototype 4.unity
  artifactKey: Guid(b80cd75ccec366849b89dbd4fc679d4c) Importer(815301076,1909f56bfc062723c751e8b465ee728b)
Start importing Assets/Prototype4/Scenes/Prototype 4.unity using Guid(b80cd75ccec366849b89dbd4fc679d4c) Importer(815301076,1909f56bfc062723c751e8b465ee728b)  -> (artifact id: '86a595e2d6ce26d57b8d2e2db6a2ee89') in 0.008793 seconds
  Import took 0.014059 seconds .

========================================================================
Received Prepare
Shader 'Universal Render Pipeline/Particles/Lit': fallback shader 'Universal Render Pipeline/Particles/SimpleLit' not found
Refreshing native plugins compatible for Editor in 2.81 ms, found 0 plugins.
Preloading 0 native plugins for Editor in 0.00 ms.
Unloading 39 Unused Serialized files (Serialized files now loaded: 0)
System memory in use before: 147.0 MB.
System memory in use after: 145.2 MB.

Unloading 39 unused Assets to reduce memory usage. Loaded Objects now: 2763.
Total: 6.128200 ms (FindLiveObjects: 0.775900 ms CreateObjectMapping: 0.133900 ms MarkObjects: 3.003300 ms  DeleteObjects: 2.213500 ms)

